<?xml version="1.0" encoding="UTF-8" ?>
<testsuite failures="0" time="539.314" errors="1" skipped="0" tests="3" name="co.uk.sainsbury.web.service.impl.ProductListWebpageScraperTest">
  <properties>
    <property name="java.runtime.name" value="Java(TM) SE Runtime Environment"/>
    <property name="sun.boot.library.path" value="C:\Program Files\Java\jdk1.7.0_79\jre\bin"/>
    <property name="java.vm.version" value="24.79-b02"/>
    <property name="java.vm.vendor" value="Oracle Corporation"/>
    <property name="java.vendor.url" value="http://java.oracle.com/"/>
    <property name="path.separator" value=";"/>
    <property name="java.vm.name" value="Java HotSpot(TM) 64-Bit Server VM"/>
    <property name="file.encoding.pkg" value="sun.io"/>
    <property name="user.script" value=""/>
    <property name="user.country" value="US"/>
    <property name="sun.java.launcher" value="SUN_STANDARD"/>
    <property name="sun.os.patch.level" value=""/>
    <property name="java.vm.specification.name" value="Java Virtual Machine Specification"/>
    <property name="user.dir" value="C:\Users\ABHISHEK\Documents\GitHub\ScraperConsoleApp"/>
    <property name="java.runtime.version" value="1.7.0_79-b15"/>
    <property name="java.awt.graphicsenv" value="sun.awt.Win32GraphicsEnvironment"/>
    <property name="basedir" value="C:\Users\ABHISHEK\Documents\GitHub\ScraperConsoleApp"/>
    <property name="java.endorsed.dirs" value="C:\Program Files\Java\jdk1.7.0_79\jre\lib\endorsed"/>
    <property name="os.arch" value="amd64"/>
    <property name="surefire.real.class.path" value="C:\Users\ABHISHEK\AppData\Local\Temp\surefirebooter1769909546850029269.jar"/>
    <property name="java.io.tmpdir" value="C:\Users\ABHISHEK\AppData\Local\Temp\"/>
    <property name="line.separator" value="
"/>
    <property name="java.vm.specification.vendor" value="Oracle Corporation"/>
    <property name="user.variant" value=""/>
    <property name="os.name" value="Windows 8.1"/>
    <property name="sun.jnu.encoding" value="Cp1252"/>
    <property name="jnidispatch.path" value="C:\Users\ABHISHEK\AppData\Local\Temp\jna--2104484451\jna8405895959386160703.dll"/>
    <property name="java.library.path" value="C:\Program Files\Java\jdk1.7.0_79\jre\bin;C:\WINDOWS\Sun\Java\bin;C:\WINDOWS\system32;C:\WINDOWS;C:\WINDOWS\system32;C:\WINDOWS;C:\WINDOWS\System32\Wbem;C:\WINDOWS\System32\WindowsPowerShell\v1.0\;C:\Program Files\Intel\WiFi\bin\;C:\Program Files\Common Files\Intel\WirelessCommon\;C:\Program Files\Java\jdk1.7.0_79;C:\Program Files (x86)\Skype\Phone\;C:\Program Files\Intel\WiFi\bin\;C:\Program Files\Common Files\Intel\WirelessCommon\;C:\Program Files\MongoDB\Server\3.2\bin\;."/>
    <property name="surefire.test.class.path" value="C:\Users\ABHISHEK\Documents\GitHub\ScraperConsoleApp\target\test-classes;C:\Users\ABHISHEK\Documents\GitHub\ScraperConsoleApp\target\classes;C:\Users\ABHISHEK\.m2\repository\junit\junit\4.7\junit-4.7.jar;C:\Users\ABHISHEK\.m2\repository\org\springframework\spring-test\4.2.4.RELEASE\spring-test-4.2.4.RELEASE.jar;C:\Users\ABHISHEK\.m2\repository\org\springframework\spring-core\4.2.4.RELEASE\spring-core-4.2.4.RELEASE.jar;C:\Users\ABHISHEK\.m2\repository\commons-logging\commons-logging\1.2\commons-logging-1.2.jar;C:\Users\ABHISHEK\.m2\repository\org\springframework\spring-context\4.2.4.RELEASE\spring-context-4.2.4.RELEASE.jar;C:\Users\ABHISHEK\.m2\repository\org\springframework\spring-aop\4.2.4.RELEASE\spring-aop-4.2.4.RELEASE.jar;C:\Users\ABHISHEK\.m2\repository\aopalliance\aopalliance\1.0\aopalliance-1.0.jar;C:\Users\ABHISHEK\.m2\repository\org\springframework\spring-beans\4.2.4.RELEASE\spring-beans-4.2.4.RELEASE.jar;C:\Users\ABHISHEK\.m2\repository\org\springframework\spring-expression\4.2.4.RELEASE\spring-expression-4.2.4.RELEASE.jar;C:\Users\ABHISHEK\.m2\repository\org\seleniumhq\selenium\selenium-java\2.48.2\selenium-java-2.48.2.jar;C:\Users\ABHISHEK\.m2\repository\org\seleniumhq\selenium\selenium-chrome-driver\2.48.2\selenium-chrome-driver-2.48.2.jar;C:\Users\ABHISHEK\.m2\repository\org\seleniumhq\selenium\selenium-remote-driver\2.48.2\selenium-remote-driver-2.48.2.jar;C:\Users\ABHISHEK\.m2\repository\cglib\cglib-nodep\2.1_3\cglib-nodep-2.1_3.jar;C:\Users\ABHISHEK\.m2\repository\com\google\code\gson\gson\2.3.1\gson-2.3.1.jar;C:\Users\ABHISHEK\.m2\repository\org\seleniumhq\selenium\selenium-api\2.48.2\selenium-api-2.48.2.jar;C:\Users\ABHISHEK\.m2\repository\com\google\guava\guava\18.0\guava-18.0.jar;C:\Users\ABHISHEK\.m2\repository\org\apache\httpcomponents\httpclient\4.5.1\httpclient-4.5.1.jar;C:\Users\ABHISHEK\.m2\repository\org\apache\httpcomponents\httpcore\4.4.3\httpcore-4.4.3.jar;C:\Users\ABHISHEK\.m2\repository\commons-codec\commons-codec\1.10\commons-codec-1.10.jar;C:\Users\ABHISHEK\.m2\repository\org\apache\commons\commons-exec\1.3\commons-exec-1.3.jar;C:\Users\ABHISHEK\.m2\repository\net\java\dev\jna\jna\4.1.0\jna-4.1.0.jar;C:\Users\ABHISHEK\.m2\repository\net\java\dev\jna\jna-platform\4.1.0\jna-platform-4.1.0.jar;C:\Users\ABHISHEK\.m2\repository\org\seleniumhq\selenium\selenium-edge-driver\2.48.2\selenium-edge-driver-2.48.2.jar;C:\Users\ABHISHEK\.m2\repository\commons-io\commons-io\2.4\commons-io-2.4.jar;C:\Users\ABHISHEK\.m2\repository\org\seleniumhq\selenium\selenium-htmlunit-driver\2.48.2\selenium-htmlunit-driver-2.48.2.jar;C:\Users\ABHISHEK\.m2\repository\org\seleniumhq\selenium\selenium-support\2.48.2\selenium-support-2.48.2.jar;C:\Users\ABHISHEK\.m2\repository\net\sourceforge\htmlunit\htmlunit\2.18\htmlunit-2.18.jar;C:\Users\ABHISHEK\.m2\repository\xalan\xalan\2.7.2\xalan-2.7.2.jar;C:\Users\ABHISHEK\.m2\repository\xalan\serializer\2.7.2\serializer-2.7.2.jar;C:\Users\ABHISHEK\.m2\repository\xml-apis\xml-apis\1.4.01\xml-apis-1.4.01.jar;C:\Users\ABHISHEK\.m2\repository\commons-collections\commons-collections\3.2.1\commons-collections-3.2.1.jar;C:\Users\ABHISHEK\.m2\repository\org\apache\commons\commons-lang3\3.4\commons-lang3-3.4.jar;C:\Users\ABHISHEK\.m2\repository\org\apache\httpcomponents\httpmime\4.5\httpmime-4.5.jar;C:\Users\ABHISHEK\.m2\repository\net\sourceforge\htmlunit\htmlunit-core-js\2.17\htmlunit-core-js-2.17.jar;C:\Users\ABHISHEK\.m2\repository\xerces\xercesImpl\2.11.0\xercesImpl-2.11.0.jar;C:\Users\ABHISHEK\.m2\repository\net\sourceforge\nekohtml\nekohtml\1.9.22\nekohtml-1.9.22.jar;C:\Users\ABHISHEK\.m2\repository\net\sourceforge\cssparser\cssparser\0.9.16\cssparser-0.9.16.jar;C:\Users\ABHISHEK\.m2\repository\org\w3c\css\sac\1.3\sac-1.3.jar;C:\Users\ABHISHEK\.m2\repository\org\eclipse\jetty\websocket\websocket-client\9.2.12.v20150709\websocket-client-9.2.12.v20150709.jar;C:\Users\ABHISHEK\.m2\repository\org\eclipse\jetty\jetty-util\9.2.12.v20150709\jetty-util-9.2.12.v20150709.jar;C:\Users\ABHISHEK\.m2\repository\org\eclipse\jetty\jetty-io\9.2.12.v20150709\jetty-io-9.2.12.v20150709.jar;C:\Users\ABHISHEK\.m2\repository\org\eclipse\jetty\websocket\websocket-common\9.2.12.v20150709\websocket-common-9.2.12.v20150709.jar;C:\Users\ABHISHEK\.m2\repository\org\eclipse\jetty\websocket\websocket-api\9.2.12.v20150709\websocket-api-9.2.12.v20150709.jar;C:\Users\ABHISHEK\.m2\repository\org\seleniumhq\selenium\selenium-firefox-driver\2.48.2\selenium-firefox-driver-2.48.2.jar;C:\Users\ABHISHEK\.m2\repository\org\seleniumhq\selenium\selenium-ie-driver\2.48.2\selenium-ie-driver-2.48.2.jar;C:\Users\ABHISHEK\.m2\repository\org\seleniumhq\selenium\selenium-safari-driver\2.48.2\selenium-safari-driver-2.48.2.jar;C:\Users\ABHISHEK\.m2\repository\org\webbitserver\webbit\0.4.14\webbit-0.4.14.jar;C:\Users\ABHISHEK\.m2\repository\io\netty\netty\3.5.2.Final\netty-3.5.2.Final.jar;C:\Users\ABHISHEK\.m2\repository\org\seleniumhq\selenium\selenium-leg-rc\2.48.2\selenium-leg-rc-2.48.2.jar;C:\Users\ABHISHEK\.m2\repository\log4j\log4j\1.2.14\log4j-1.2.14.jar;C:\Users\ABHISHEK\.m2\repository\com\fasterxml\jackson\core\jackson-databind\2.6.3\jackson-databind-2.6.3.jar;C:\Users\ABHISHEK\.m2\repository\com\fasterxml\jackson\core\jackson-annotations\2.6.0\jackson-annotations-2.6.0.jar;C:\Users\ABHISHEK\.m2\repository\com\fasterxml\jackson\core\jackson-core\2.6.3\jackson-core-2.6.3.jar;"/>
    <property name="java.specification.name" value="Java Platform API Specification"/>
    <property name="java.class.version" value="51.0"/>
    <property name="sun.management.compiler" value="HotSpot 64-Bit Tiered Compilers"/>
    <property name="os.version" value="6.3"/>
    <property name="user.home" value="C:\Users\ABHISHEK"/>
    <property name="user.timezone" value="Europe/London"/>
    <property name="java.awt.printerjob" value="sun.awt.windows.WPrinterJob"/>
    <property name="java.specification.version" value="1.7"/>
    <property name="file.encoding" value="Cp1252"/>
    <property name="user.name" value="ABHISHEK"/>
    <property name="java.class.path" value="C:\Users\ABHISHEK\Documents\GitHub\ScraperConsoleApp\target\test-classes;C:\Users\ABHISHEK\Documents\GitHub\ScraperConsoleApp\target\classes;C:\Users\ABHISHEK\.m2\repository\junit\junit\4.7\junit-4.7.jar;C:\Users\ABHISHEK\.m2\repository\org\springframework\spring-test\4.2.4.RELEASE\spring-test-4.2.4.RELEASE.jar;C:\Users\ABHISHEK\.m2\repository\org\springframework\spring-core\4.2.4.RELEASE\spring-core-4.2.4.RELEASE.jar;C:\Users\ABHISHEK\.m2\repository\commons-logging\commons-logging\1.2\commons-logging-1.2.jar;C:\Users\ABHISHEK\.m2\repository\org\springframework\spring-context\4.2.4.RELEASE\spring-context-4.2.4.RELEASE.jar;C:\Users\ABHISHEK\.m2\repository\org\springframework\spring-aop\4.2.4.RELEASE\spring-aop-4.2.4.RELEASE.jar;C:\Users\ABHISHEK\.m2\repository\aopalliance\aopalliance\1.0\aopalliance-1.0.jar;C:\Users\ABHISHEK\.m2\repository\org\springframework\spring-beans\4.2.4.RELEASE\spring-beans-4.2.4.RELEASE.jar;C:\Users\ABHISHEK\.m2\repository\org\springframework\spring-expression\4.2.4.RELEASE\spring-expression-4.2.4.RELEASE.jar;C:\Users\ABHISHEK\.m2\repository\org\seleniumhq\selenium\selenium-java\2.48.2\selenium-java-2.48.2.jar;C:\Users\ABHISHEK\.m2\repository\org\seleniumhq\selenium\selenium-chrome-driver\2.48.2\selenium-chrome-driver-2.48.2.jar;C:\Users\ABHISHEK\.m2\repository\org\seleniumhq\selenium\selenium-remote-driver\2.48.2\selenium-remote-driver-2.48.2.jar;C:\Users\ABHISHEK\.m2\repository\cglib\cglib-nodep\2.1_3\cglib-nodep-2.1_3.jar;C:\Users\ABHISHEK\.m2\repository\com\google\code\gson\gson\2.3.1\gson-2.3.1.jar;C:\Users\ABHISHEK\.m2\repository\org\seleniumhq\selenium\selenium-api\2.48.2\selenium-api-2.48.2.jar;C:\Users\ABHISHEK\.m2\repository\com\google\guava\guava\18.0\guava-18.0.jar;C:\Users\ABHISHEK\.m2\repository\org\apache\httpcomponents\httpclient\4.5.1\httpclient-4.5.1.jar;C:\Users\ABHISHEK\.m2\repository\org\apache\httpcomponents\httpcore\4.4.3\httpcore-4.4.3.jar;C:\Users\ABHISHEK\.m2\repository\commons-codec\commons-codec\1.10\commons-codec-1.10.jar;C:\Users\ABHISHEK\.m2\repository\org\apache\commons\commons-exec\1.3\commons-exec-1.3.jar;C:\Users\ABHISHEK\.m2\repository\net\java\dev\jna\jna\4.1.0\jna-4.1.0.jar;C:\Users\ABHISHEK\.m2\repository\net\java\dev\jna\jna-platform\4.1.0\jna-platform-4.1.0.jar;C:\Users\ABHISHEK\.m2\repository\org\seleniumhq\selenium\selenium-edge-driver\2.48.2\selenium-edge-driver-2.48.2.jar;C:\Users\ABHISHEK\.m2\repository\commons-io\commons-io\2.4\commons-io-2.4.jar;C:\Users\ABHISHEK\.m2\repository\org\seleniumhq\selenium\selenium-htmlunit-driver\2.48.2\selenium-htmlunit-driver-2.48.2.jar;C:\Users\ABHISHEK\.m2\repository\org\seleniumhq\selenium\selenium-support\2.48.2\selenium-support-2.48.2.jar;C:\Users\ABHISHEK\.m2\repository\net\sourceforge\htmlunit\htmlunit\2.18\htmlunit-2.18.jar;C:\Users\ABHISHEK\.m2\repository\xalan\xalan\2.7.2\xalan-2.7.2.jar;C:\Users\ABHISHEK\.m2\repository\xalan\serializer\2.7.2\serializer-2.7.2.jar;C:\Users\ABHISHEK\.m2\repository\xml-apis\xml-apis\1.4.01\xml-apis-1.4.01.jar;C:\Users\ABHISHEK\.m2\repository\commons-collections\commons-collections\3.2.1\commons-collections-3.2.1.jar;C:\Users\ABHISHEK\.m2\repository\org\apache\commons\commons-lang3\3.4\commons-lang3-3.4.jar;C:\Users\ABHISHEK\.m2\repository\org\apache\httpcomponents\httpmime\4.5\httpmime-4.5.jar;C:\Users\ABHISHEK\.m2\repository\net\sourceforge\htmlunit\htmlunit-core-js\2.17\htmlunit-core-js-2.17.jar;C:\Users\ABHISHEK\.m2\repository\xerces\xercesImpl\2.11.0\xercesImpl-2.11.0.jar;C:\Users\ABHISHEK\.m2\repository\net\sourceforge\nekohtml\nekohtml\1.9.22\nekohtml-1.9.22.jar;C:\Users\ABHISHEK\.m2\repository\net\sourceforge\cssparser\cssparser\0.9.16\cssparser-0.9.16.jar;C:\Users\ABHISHEK\.m2\repository\org\w3c\css\sac\1.3\sac-1.3.jar;C:\Users\ABHISHEK\.m2\repository\org\eclipse\jetty\websocket\websocket-client\9.2.12.v20150709\websocket-client-9.2.12.v20150709.jar;C:\Users\ABHISHEK\.m2\repository\org\eclipse\jetty\jetty-util\9.2.12.v20150709\jetty-util-9.2.12.v20150709.jar;C:\Users\ABHISHEK\.m2\repository\org\eclipse\jetty\jetty-io\9.2.12.v20150709\jetty-io-9.2.12.v20150709.jar;C:\Users\ABHISHEK\.m2\repository\org\eclipse\jetty\websocket\websocket-common\9.2.12.v20150709\websocket-common-9.2.12.v20150709.jar;C:\Users\ABHISHEK\.m2\repository\org\eclipse\jetty\websocket\websocket-api\9.2.12.v20150709\websocket-api-9.2.12.v20150709.jar;C:\Users\ABHISHEK\.m2\repository\org\seleniumhq\selenium\selenium-firefox-driver\2.48.2\selenium-firefox-driver-2.48.2.jar;C:\Users\ABHISHEK\.m2\repository\org\seleniumhq\selenium\selenium-ie-driver\2.48.2\selenium-ie-driver-2.48.2.jar;C:\Users\ABHISHEK\.m2\repository\org\seleniumhq\selenium\selenium-safari-driver\2.48.2\selenium-safari-driver-2.48.2.jar;C:\Users\ABHISHEK\.m2\repository\org\webbitserver\webbit\0.4.14\webbit-0.4.14.jar;C:\Users\ABHISHEK\.m2\repository\io\netty\netty\3.5.2.Final\netty-3.5.2.Final.jar;C:\Users\ABHISHEK\.m2\repository\org\seleniumhq\selenium\selenium-leg-rc\2.48.2\selenium-leg-rc-2.48.2.jar;C:\Users\ABHISHEK\.m2\repository\log4j\log4j\1.2.14\log4j-1.2.14.jar;C:\Users\ABHISHEK\.m2\repository\com\fasterxml\jackson\core\jackson-databind\2.6.3\jackson-databind-2.6.3.jar;C:\Users\ABHISHEK\.m2\repository\com\fasterxml\jackson\core\jackson-annotations\2.6.0\jackson-annotations-2.6.0.jar;C:\Users\ABHISHEK\.m2\repository\com\fasterxml\jackson\core\jackson-core\2.6.3\jackson-core-2.6.3.jar;"/>
    <property name="java.vm.specification.version" value="1.7"/>
    <property name="sun.arch.data.model" value="64"/>
    <property name="java.home" value="C:\Program Files\Java\jdk1.7.0_79\jre"/>
    <property name="sun.java.command" value="C:\Users\ABHISHEK\AppData\Local\Temp\surefirebooter1769909546850029269.jar C:\Users\ABHISHEK\AppData\Local\Temp\surefire5989076268353210654tmp C:\Users\ABHISHEK\AppData\Local\Temp\surefire2331151922297609928tmp"/>
    <property name="java.specification.vendor" value="Oracle Corporation"/>
    <property name="user.language" value="en"/>
    <property name="awt.toolkit" value="sun.awt.windows.WToolkit"/>
    <property name="java.vm.info" value="mixed mode"/>
    <property name="java.version" value="1.7.0_79"/>
    <property name="java.ext.dirs" value="C:\Program Files\Java\jdk1.7.0_79\jre\lib\ext;C:\WINDOWS\Sun\Java\lib\ext"/>
    <property name="sun.boot.class.path" value="C:\Program Files\Java\jdk1.7.0_79\jre\lib\resources.jar;C:\Program Files\Java\jdk1.7.0_79\jre\lib\rt.jar;C:\Program Files\Java\jdk1.7.0_79\jre\lib\sunrsasign.jar;C:\Program Files\Java\jdk1.7.0_79\jre\lib\jsse.jar;C:\Program Files\Java\jdk1.7.0_79\jre\lib\jce.jar;C:\Program Files\Java\jdk1.7.0_79\jre\lib\charsets.jar;C:\Program Files\Java\jdk1.7.0_79\jre\lib\jfr.jar;C:\Program Files\Java\jdk1.7.0_79\jre\classes"/>
    <property name="java.vendor" value="Oracle Corporation"/>
    <property name="localRepository" value="C:\Users\ABHISHEK\.m2\repository"/>
    <property name="file.separator" value="\"/>
    <property name="java.vendor.url.bug" value="http://bugreport.sun.com/bugreport/"/>
    <property name="sun.cpu.endian" value="little"/>
    <property name="sun.io.unicode.encoding" value="UnicodeLittle"/>
    <property name="sun.desktop" value="windows"/>
    <property name="sun.cpu.isalist" value="amd64"/>
  </properties>
  <testcase time="16.974" classname="co.uk.sainsbury.web.service.impl.ProductListWebpageScraperTest" name="testGetWebDriverHelper"/>
  <testcase time="1.166" classname="co.uk.sainsbury.web.service.impl.ProductListWebpageScraperTest" name="testParseProductListDetails">
    <error message="Unexpected exception, expected&lt;java.lang.IllegalArgumentException&gt; but was&lt;java.lang.NullPointerException&gt;" type="java.lang.Exception">java.lang.Exception: Unexpected exception, expected&lt;java.lang.IllegalArgumentException&gt; but was&lt;java.lang.NullPointerException&gt;
	at org.junit.internal.runners.statements.ExpectException.evaluate(ExpectException.java:28)
	at org.junit.internal.runners.statements.RunBefores.evaluate(RunBefores.java:28)
	at org.junit.internal.runners.statements.RunAfters.evaluate(RunAfters.java:31)
	at org.junit.runners.BlockJUnit4ClassRunner.runChild(BlockJUnit4ClassRunner.java:76)
	at org.junit.runners.BlockJUnit4ClassRunner.runChild(BlockJUnit4ClassRunner.java:50)
	at org.junit.runners.ParentRunner$3.run(ParentRunner.java:193)
	at org.junit.runners.ParentRunner$1.schedule(ParentRunner.java:52)
	at org.junit.runners.ParentRunner.runChildren(ParentRunner.java:191)
	at org.junit.runners.ParentRunner.access$000(ParentRunner.java:42)
	at org.junit.runners.ParentRunner$2.evaluate(ParentRunner.java:184)
	at org.junit.runners.ParentRunner.run(ParentRunner.java:236)
	at org.apache.maven.surefire.junit4.JUnit4TestSet.execute(JUnit4TestSet.java:62)
	at org.apache.maven.surefire.suite.AbstractDirectoryTestSuite.executeTestSet(AbstractDirectoryTestSuite.java:140)
	at org.apache.maven.surefire.suite.AbstractDirectoryTestSuite.execute(AbstractDirectoryTestSuite.java:127)
	at org.apache.maven.surefire.Surefire.run(Surefire.java:177)
	at sun.reflect.NativeMethodAccessorImpl.invoke0(Native Method)
	at sun.reflect.NativeMethodAccessorImpl.invoke(NativeMethodAccessorImpl.java:57)
	at sun.reflect.DelegatingMethodAccessorImpl.invoke(DelegatingMethodAccessorImpl.java:43)
	at java.lang.reflect.Method.invoke(Method.java:606)
	at org.apache.maven.surefire.booter.SurefireBooter.runSuitesInProcess(SurefireBooter.java:345)
	at org.apache.maven.surefire.booter.SurefireBooter.main(SurefireBooter.java:1009)
Caused by: java.lang.NullPointerException: null value in entry: url=null
	at com.google.common.collect.CollectPreconditions.checkEntryNotNull(CollectPreconditions.java:33)
	at com.google.common.collect.SingletonImmutableBiMap.&lt;init&gt;(SingletonImmutableBiMap.java:39)
	at com.google.common.collect.ImmutableBiMap.of(ImmutableBiMap.java:57)
	at com.google.common.collect.ImmutableMap.of(ImmutableMap.java:80)
	at org.openqa.selenium.remote.RemoteWebDriver.get(RemoteWebDriver.java:311)
	at sun.reflect.NativeMethodAccessorImpl.invoke0(Native Method)
	at sun.reflect.NativeMethodAccessorImpl.invoke(NativeMethodAccessorImpl.java:57)
	at sun.reflect.DelegatingMethodAccessorImpl.invoke(DelegatingMethodAccessorImpl.java:43)
	at java.lang.reflect.Method.invoke(Method.java:606)
	at org.openqa.selenium.support.events.EventFiringWebDriver$2.invoke(EventFiringWebDriver.java:102)
	at com.sun.proxy.$Proxy8.get(Unknown Source)
	at org.openqa.selenium.support.events.EventFiringWebDriver.get(EventFiringWebDriver.java:162)
	at sun.reflect.NativeMethodAccessorImpl.invoke0(Native Method)
	at sun.reflect.NativeMethodAccessorImpl.invoke(NativeMethodAccessorImpl.java:57)
	at sun.reflect.DelegatingMethodAccessorImpl.invoke(DelegatingMethodAccessorImpl.java:43)
	at java.lang.reflect.Method.invoke(Method.java:606)
	at org.openqa.selenium.support.events.EventFiringWebDriver$2.invoke(EventFiringWebDriver.java:102)
	at com.sun.proxy.$Proxy10.get(Unknown Source)
	at org.openqa.selenium.support.events.EventFiringWebDriver.get(EventFiringWebDriver.java:162)
	at co.uk.sainsbury.web.util.WebDriverHelper.navigateBrowserTo(WebDriverHelper.java:32)
	at co.uk.sainsbury.web.service.impl.ProductListWebpageScraper.parseProductListDetails(ProductListWebpageScraper.java:50)
	at co.uk.sainsbury.web.service.impl.ProductListWebpageScraper.scrape(ProductListWebpageScraper.java:36)
	at co.uk.sainsbury.web.service.impl.ProductListWebpageScraperTest.testParseProductListDetails(ProductListWebpageScraperTest.java:46)
	at sun.reflect.NativeMethodAccessorImpl.invoke0(Native Method)
	at sun.reflect.NativeMethodAccessorImpl.invoke(NativeMethodAccessorImpl.java:57)
	at sun.reflect.DelegatingMethodAccessorImpl.invoke(DelegatingMethodAccessorImpl.java:43)
	at java.lang.reflect.Method.invoke(Method.java:606)
	at org.junit.runners.model.FrameworkMethod$1.runReflectiveCall(FrameworkMethod.java:44)
	at org.junit.internal.runners.model.ReflectiveCallable.run(ReflectiveCallable.java:15)
	at org.junit.runners.model.FrameworkMethod.invokeExplosively(FrameworkMethod.java:41)
	at org.junit.internal.runners.statements.InvokeMethod.evaluate(InvokeMethod.java:20)
	at org.junit.internal.runners.statements.ExpectException.evaluate(ExpectException.java:21)
	... 20 more
</error>
  </testcase>
  <testcase time="521.137" classname="co.uk.sainsbury.web.service.impl.ProductListWebpageScraperTest" name="testScrape"/>
</testsuite>